============================= test session starts ==============================
platform linux -- Python 3.14.4, pytest-8.4.2, pluggy-1.6.0 -- /usr/bin/python3
cachedir: .pytest_cache
rootdir: /home/rag/actions-runner/_work/destiny/destiny
configfile: pyproject.toml
plugins: anyio-4.15.1, typeguard-4.4.4
collecting ... collected 86 items

tests/test_api.py::test_healthz_exposes_no_runtime_or_user_data PASSED   [  1%]
tests/test_api.py::test_api_rejects_non_kst_datetime PASSED              [  2%]
tests/test_api.py::test_api_rejects_unknown_profile PASSED               [  3%]
tests/test_api.py::test_api_returns_a_production_result_when_required_pillar_data_is_verified PASSED [  4%]
tests/test_api.py::test_api_returns_a_partial_result_for_a_stable_date_without_birth_time PASSED [  5%]
tests/test_api.py::test_api_explains_when_a_date_only_result_needs_birth_time PASSED [  6%]
tests/test_api.py::test_seun_api_rejects_a_non_kst_target_datetime PASSED [  8%]
tests/test_api.py::test_seun_api_rejects_an_unknown_profile PASSED       [  9%]
tests/test_api.py::test_seun_api_returns_structural_production_result PASSED [ 10%]
tests/test_api.py::test_seun_api_returns_503_with_year_in_message_when_birth_year_is_out_of_coverage PASSED [ 11%]
tests/test_api.py::test_seun_api_returns_503_with_year_in_message_when_target_year_is_out_of_coverage PASSED [ 12%]
tests/test_api.py::test_saju_api_returns_503_with_year_in_message_when_birth_year_is_out_of_coverage PASSED [ 13%]
tests/test_data_and_hidden_stems.py::DatasetAndHiddenStemTests::test_all_branches_have_one_main_hidden_stem PASSED [ 15%]
tests/test_data_and_hidden_stems.py::DatasetAndHiddenStemTests::test_broken_reference_is_reported_as_dataset_error PASSED [ 16%]
tests/test_data_and_hidden_stems.py::DatasetAndHiddenStemTests::test_compact_hidden_stem_table_has_the_recorded_main_middle_residual_rows PASSED [ 17%]
tests/test_data_and_hidden_stems.py::DatasetAndHiddenStemTests::test_compact_hidden_stems_are_available_in_the_production_registry PASSED [ 18%]
tests/test_data_and_hidden_stems.py::DatasetAndHiddenStemTests::test_core_cycles_hour_windows_and_major_term_month_map_match_recorded_audit PASSED [ 19%]
tests/test_data_and_hidden_stems.py::DatasetAndHiddenStemTests::test_core_stem_and_branch_calculation_attributes_match_recorded_audit PASSED [ 20%]
tests/test_data_and_hidden_stems.py::DatasetAndHiddenStemTests::test_core_tables_are_available_in_the_production_registry PASSED [ 22%]
tests/test_data_and_hidden_stems.py::DatasetAndHiddenStemTests::test_fault_injections_are_rejected_as_schema_errors PASSED [ 23%]
tests/test_data_and_hidden_stems.py::DatasetAndHiddenStemTests::test_reference_values PASSED [ 24%]
tests/test_data_and_hidden_stems.py::DatasetAndHiddenStemTests::test_registry_reports_loaded_dataset_versions_deterministically PASSED [ 25%]
tests/test_data_and_hidden_stems.py::DatasetAndHiddenStemTests::test_registry_returns_defensive_copies PASSED [ 26%]
tests/test_data_and_hidden_stems.py::DatasetAndHiddenStemTests::test_ten_gods_are_available_in_the_production_registry PASSED [ 27%]
tests/test_data_and_hidden_stems.py::DatasetAndHiddenStemTests::test_unverified_dataset_is_blocked_by_default PASSED [ 29%]
tests/test_day_pillar.py::test_day_pillar_fails_closed_without_a_verified_anchor PASSED [ 30%]
tests/test_day_pillar.py::test_verified_anchor_covers_a_complete_sexagenary_cycle PASSED [ 31%]
tests/test_day_pillar.py::test_anchor_jdn_or_sexagenary_value_corruption_is_rejected PASSED [ 32%]
tests/test_day_pillar.py::test_day_pillar_rejects_non_date_input_before_loading_data PASSED [ 33%]
tests/test_fixtures.py::FixtureTests::test_hour_boundary_fixture PASSED  [ 34%]
tests/test_four_pillars.py::test_four_pillars_composes_a_verified_boundary_instant PASSED [ 36%]
tests/test_four_pillars.py::test_four_pillars_preserves_the_solar_term_coverage_gate PASSED [ 37%]
tests/test_four_pillars.py::test_four_pillars_uses_the_next_day_pillar_at_ja_hour[0] PASSED [ 38%]
tests/test_four_pillars.py::test_four_pillars_uses_the_next_day_pillar_at_ja_hour[30] PASSED [ 39%]
tests/test_four_pillars.py::test_four_pillars_uses_the_next_day_pillar_at_ja_hour[59] PASSED [ 40%]
tests/test_four_pillars.py::test_four_pillars_supports_a_midnight_day_boundary_profile PASSED [ 41%]
tests/test_four_pillars.py::test_calculation_profile_rejects_unknown_day_boundary PASSED [ 43%]
tests/test_hour_branch.py::HourBranchTests::test_hour_branch_boundaries PASSED [ 44%]
tests/test_hour_branch.py::HourBranchTests::test_hour_branch_does_not_decide_day_boundary PASSED [ 45%]
tests/test_hour_branch.py::HourBranchTests::test_hour_branch_rejects_non_time_input PASSED [ 46%]
tests/test_hour_stem.py::HourStemTests::test_golden_cases PASSED         [ 47%]
tests/test_hour_stem.py::HourStemTests::test_golden_cases_cover_every_hour_branch PASSED [ 48%]
tests/test_hour_stem.py::HourStemTests::test_production_registry_loads_hour_stem_rules PASSED [ 50%]
tests/test_kasi_lunar_snapshot.py::test_parse_lunar_day_response_preserves_leap_month_flag PASSED [ 51%]
tests/test_month_stem.py::MonthStemTests::test_golden_cases PASSED       [ 52%]
tests/test_month_stem.py::MonthStemTests::test_golden_cases_cover_every_month_branch PASSED [ 53%]
tests/test_month_stem.py::MonthStemTests::test_production_registry_loads_month_stem_rules PASSED [ 54%]
tests/test_relations.py::test_relation_lookup_rejects_a_nonproduction_dataset PASSED [ 55%]
tests/test_relations.py::test_production_relations_dataset_returns_structural_findings PASSED [ 56%]
tests/test_relations.py::test_bundled_relations_candidate_rows_match_the_audited_structural_tables PASSED [ 58%]
tests/test_relations.py::test_relation_lookup_returns_detected_facts_only PASSED [ 59%]
tests/test_relations.py::test_relation_values_reject_malformed_named_values PASSED [ 60%]
tests/test_relations.py::test_relations_dataset_rejects_unknown_reference PASSED [ 61%]
tests/test_runtime_config.py::test_api_runtime_config_has_safe_local_defaults PASSED [ 62%]
tests/test_runtime_config.py::test_api_runtime_config_accepts_explicit_deployment_origins PASSED [ 63%]
tests/test_runtime_config.py::test_api_runtime_config_rejects_unsafe_origins[] PASSED [ 65%]
tests/test_runtime_config.py::test_api_runtime_config_rejects_unsafe_origins[*] PASSED [ 66%]
tests/test_runtime_config.py::test_api_runtime_config_rejects_unsafe_origins[app.example.com] PASSED [ 67%]
tests/test_runtime_config.py::test_api_runtime_config_rejects_unsafe_origins[https://app.example.com/path] PASSED [ 68%]
tests/test_saju_result.py::test_result_preserves_profile_and_loaded_rule_versions PASSED [ 69%]
tests/test_saju_result.py::test_date_only_result_omits_hour_without_inventing_a_time PASSED [ 70%]
tests/test_seun.py::test_seun_uses_the_same_ipchun_boundary_as_the_year_pillar PASSED [ 72%]
tests/test_seun.py::test_seun_relations_identify_the_annual_pillar_location_without_interpretation PASSED [ 73%]
tests/test_seun.py::test_seun_is_available_when_all_required_production_data_is_verified PASSED [ 74%]
tests/test_solar_terms.py::test_solar_term_lookup_fails_closed_without_verified_instants PASSED [ 75%]
tests/test_solar_terms.py::test_solar_term_boundary_uses_the_verified_kst_instant PASSED [ 76%]
tests/test_solar_terms.py::test_2026_solar_term_table_matches_the_recorded_official_kst_audit PASSED [ 77%]
tests/test_solar_terms.py::test_every_verified_solar_term_observes_its_boundary PASSED [ 79%]
tests/test_solar_terms.py::test_solar_term_lookup_rejects_naive_datetime PASSED [ 80%]
tests/test_solar_terms.py::test_solar_term_lookup_rejects_non_kst_datetime PASSED [ 81%]
tests/test_solar_terms.py::test_solar_term_lookup_fails_closed_outside_its_verified_coverage PASSED [ 82%]
tests/test_solar_terms.py::test_solar_term_dataset_rejects_out_of_order_or_wrong_offset_instant PASSED [ 83%]
tests/test_solar_terms.py::test_solar_term_dataset_rejects_a_stale_pre_coverage_boundary PASSED [ 84%]
tests/test_solar_terms.py::test_solar_term_lookup_rejects_non_datetime_input PASSED [ 86%]
tests/test_solar_terms.py::test_solar_term_dataset_rejects_missing_range_provenance PASSED [ 87%]
tests/test_solar_terms.py::test_solar_term_dataset_rejects_overlapping_ranges PASSED [ 88%]
tests/test_solar_terms.py::test_solar_term_dataset_rejects_non_kst_range_bounds PASSED [ 89%]
tests/test_solar_terms.py::test_solar_term_dataset_rejects_term_outside_declared_ranges PASSED [ 90%]
tests/test_solar_terms.py::test_solar_term_lookup_fails_closed_in_a_verified_range_gap PASSED [ 91%]
tests/test_solar_terms.py::test_second_range_ipchun_boundary_and_month_pillar PASSED [ 93%]
tests/test_ten_gods.py::TenGodTests::test_all_one_hundred_pairs_produce_a_ten_god PASSED [ 94%]
tests/test_ten_gods.py::TenGodTests::test_domain_enums_with_same_value_are_not_equal PASSED [ 95%]
tests/test_ten_gods.py::TenGodTests::test_eul_day_master_matches_the_recorded_ten_god_reference_row PASSED [ 96%]
tests/test_ten_gods.py::TenGodTests::test_golden_cases PASSED            [ 97%]
tests/test_year_and_month_pillars.py::test_year_pillar_changes_at_ipchun_not_new_year PASSED [ 98%]
tests/test_year_and_month_pillars.py::test_month_pillar_uses_latest_major_solar_term PASSED [100%]

============================== 86 passed in 0.81s ==============================
